{"/home/nat/trybe-exercicios/fundamentos/secao-7/dia-3/exercicios-dia/printMessage.js": {"path":"/home/nat/trybe-exercicios/fundamentos/secao-7/dia-3/exercicios-dia/printMessage.js","statementMap":{"0":{"start":{"line":2,"column":11},"end":{"line":6,"column":1}},"1":{"start":{"line":8,"column":21},"end":{"line":13,"column":1}},"2":{"start":{"line":9,"column":2},"end":{"line":11,"column":3}},"3":{"start":{"line":10,"column":4},"end":{"line":10,"column":39}},"4":{"start":{"line":12,"column":2},"end":{"line":12,"column":53}},"5":{"start":{"line":15,"column":0},"end":{"line":15,"column":32}},"6":{"start":{"line":17,"column":0},"end":{"line":17,"column":40}}},"fnMap":{"0":{"name":"(anonymous_0)","decl":{"start":{"line":8,"column":21},"end":{"line":8,"column":22}},"loc":{"start":{"line":8,"column":40},"end":{"line":13,"column":1}},"line":8}},"branchMap":{"0":{"loc":{"start":{"line":9,"column":2},"end":{"line":11,"column":3}},"type":"if","locations":[{"start":{"line":9,"column":2},"end":{"line":11,"column":3}},{"start":{},"end":{}}],"line":9},"1":{"loc":{"start":{"line":9,"column":6},"end":{"line":9,"column":62}},"type":"binary-expr","locations":[{"start":{"line":9,"column":6},"end":{"line":9,"column":20}},{"start":{"line":9,"column":24},"end":{"line":9,"column":62}}],"line":9}},"s":{"0":1,"1":1,"2":4,"3":1,"4":3,"5":1,"6":1},"f":{"0":4},"b":{"0":[1,3],"1":[4,4]},"_coverageSchema":"1a1c01bbd47fc00a2c39e90264f33305004495a9","hash":"f4841ea126a79401ea83aeea316f2e50c74804d0"}
,"/home/nat/trybe-exercicios/fundamentos/secao-7/dia-3/exercicios-dia/sum.js": {"path":"/home/nat/trybe-exercicios/fundamentos/secao-7/dia-3/exercicios-dia/sum.js","statementMap":{"0":{"start":{"line":1,"column":12},"end":{"line":7,"column":1}},"1":{"start":{"line":2,"column":2},"end":{"line":4,"column":3}},"2":{"start":{"line":3,"column":4},"end":{"line":3,"column":50}},"3":{"start":{"line":6,"column":2},"end":{"line":6,"column":15}},"4":{"start":{"line":9,"column":0},"end":{"line":9,"column":21}}},"fnMap":{"0":{"name":"(anonymous_0)","decl":{"start":{"line":1,"column":12},"end":{"line":1,"column":13}},"loc":{"start":{"line":1,"column":22},"end":{"line":7,"column":1}},"line":1}},"branchMap":{"0":{"loc":{"start":{"line":2,"column":2},"end":{"line":4,"column":3}},"type":"if","locations":[{"start":{"line":2,"column":2},"end":{"line":4,"column":3}},{"start":{},"end":{}}],"line":2},"1":{"loc":{"start":{"line":2,"column":6},"end":{"line":2,"column":52}},"type":"binary-expr","locations":[{"start":{"line":2,"column":6},"end":{"line":2,"column":27}},{"start":{"line":2,"column":31},"end":{"line":2,"column":52}}],"line":2}},"s":{"0":1,"1":4,"2":2,"3":2,"4":1},"f":{"0":4},"b":{"0":[2,2],"1":[4,4]},"_coverageSchema":"1a1c01bbd47fc00a2c39e90264f33305004495a9","hash":"bb7d141a876bedaf8a93b9a45b18211dd7fa796f"}
}
